TN:
SF:src/FunkoApp/Funko/enumGenero.ts
FNF:0
FNH:0
DA:1,1
DA:2,1
DA:3,1
DA:4,1
DA:5,1
DA:6,1
DA:7,1
DA:8,1
LF:8
LH:8
BRDA:1,0,0,1
BRF:1
BRH:1
end_of_record
TN:
SF:src/FunkoApp/Funko/enumTipo.ts
FNF:0
FNH:0
DA:1,1
DA:2,1
DA:3,1
DA:4,1
DA:5,1
DA:6,1
LF:6
LH:6
BRDA:1,0,0,1
BRF:1
BRH:1
end_of_record
TN:
SF:src/FunkoApp/Funko/funko.ts
FN:17,Funko
FN:48,get id
FN:51,get nombre
FN:54,get descripcion
FN:57,get tipo
FN:60,get genero
FN:63,get franquicia
FN:66,get numeroFranquicia
FN:69,get esExclusivo
FN:72,get características
FN:75,get valorMercado
FN:79,print
FNF:12
FNH:12
FNDA:12,Funko
FNDA:61,get id
FNDA:6,get nombre
FNDA:6,get descripcion
FNDA:6,get tipo
FNDA:6,get genero
FNDA:6,get franquicia
FNDA:6,get numeroFranquicia
FNDA:6,get esExclusivo
FNDA:6,get características
FNDA:16,get valorMercado
FNDA:4,print
DA:1,1
DA:2,1
DA:3,1
DA:4,1
DA:5,1
DA:6,1
DA:7,1
DA:8,1
DA:9,1
DA:10,1
DA:11,1
DA:12,1
DA:13,1
DA:14,1
DA:15,1
DA:16,1
DA:17,1
DA:18,12
DA:19,12
DA:20,12
DA:21,12
DA:22,12
DA:23,12
DA:24,12
DA:25,12
DA:26,12
DA:27,12
DA:28,12
DA:29,12
DA:30,1
DA:31,1
DA:32,12
DA:33,1
DA:34,1
DA:35,10
DA:36,10
DA:37,10
DA:38,10
DA:39,10
DA:40,10
DA:41,10
DA:42,10
DA:43,10
DA:44,10
DA:45,10
DA:46,10
DA:47,1
DA:48,1
DA:49,61
DA:50,61
DA:51,1
DA:52,6
DA:53,6
DA:54,1
DA:55,6
DA:56,6
DA:57,1
DA:58,6
DA:59,6
DA:60,1
DA:61,6
DA:62,6
DA:63,1
DA:64,6
DA:65,6
DA:66,1
DA:67,6
DA:68,6
DA:69,1
DA:70,6
DA:71,6
DA:72,1
DA:73,6
DA:74,6
DA:75,1
DA:76,16
DA:77,16
DA:78,1
DA:79,1
DA:80,4
DA:81,4
DA:82,4
DA:83,4
DA:84,4
DA:85,4
DA:86,4
DA:87,4
DA:88,4
DA:89,4
DA:90,4
DA:91,1
DA:92,4
DA:93,1
DA:94,3
DA:95,1
DA:96,1
DA:97,1
DA:98,1
DA:99,4
DA:100,4
DA:101,4
DA:102,1
LF:102
LH:102
BRDA:17,0,0,12
BRDA:29,1,0,1
BRDA:32,2,0,11
BRDA:32,3,0,1
BRDA:35,4,0,10
BRDA:48,5,0,61
BRDA:51,6,0,6
BRDA:54,7,0,6
BRDA:57,8,0,6
BRDA:60,9,0,6
BRDA:63,10,0,6
BRDA:66,11,0,6
BRDA:69,12,0,6
BRDA:72,13,0,6
BRDA:75,14,0,16
BRDA:79,15,0,4
BRDA:90,16,0,1
BRDA:92,17,0,3
BRDA:92,18,0,1
BRDA:94,19,0,2
BRDA:94,20,0,1
BRF:21
BRH:21
end_of_record
TN:
SF:src/FunkoApp/Usuario/Ususario.ts
FN:8,Usuario
FN:54,hayUsuario
FN:62,addFunko
FN:96,deleteFunko
FN:127,modifyFunko
FN:158,listaDeFunkos
FN:173,printFunko
FNF:7
FNH:7
FNDA:3,Usuario
FNDA:3,hayUsuario
FNDA:4,addFunko
FNDA:3,deleteFunko
FNDA:2,modifyFunko
FNDA:1,listaDeFunkos
FNDA:1,printFunko
DA:1,1
DA:2,1
DA:3,1
DA:4,1
DA:5,1
DA:6,1
DA:7,1
DA:8,1
DA:9,3
DA:10,3
DA:11,3
DA:12,0
DA:13,0
DA:14,3
DA:15,3
DA:16,3
DA:17,3
DA:18,3
DA:19,3
DA:20,3
DA:21,3
DA:22,2
DA:23,3
DA:24,1
DA:25,2
DA:26,2
DA:27,2
DA:28,2
DA:29,2
DA:30,2
DA:31,2
DA:32,2
DA:33,2
DA:34,2
DA:35,2
DA:36,2
DA:37,2
DA:38,2
DA:39,2
DA:40,2
DA:41,2
DA:42,2
DA:43,2
DA:44,2
DA:45,2
DA:46,1
DA:47,1
DA:48,3
DA:49,3
DA:50,1
DA:51,1
DA:52,1
DA:53,1
DA:54,1
DA:55,3
DA:56,3
DA:57,1
DA:58,1
DA:59,1
DA:60,1
DA:61,1
DA:62,1
DA:63,4
DA:64,4
DA:65,9
DA:66,1
DA:67,1
DA:68,4
DA:69,4
DA:70,4
DA:71,3
DA:72,3
DA:73,3
DA:74,3
DA:75,3
DA:76,3
DA:77,3
DA:78,3
DA:79,3
DA:80,3
DA:81,3
DA:82,3
DA:83,3
DA:84,3
DA:85,4
DA:86,1
DA:87,1
DA:88,1
DA:89,1
DA:90,4
DA:91,1
DA:92,1
DA:93,1
DA:94,1
DA:95,1
DA:96,1
DA:97,3
DA:98,1
DA:99,1
DA:100,2
DA:101,2
DA:102,3
DA:103,1
DA:104,1
DA:105,1
DA:106,1
DA:107,1
DA:108,1
DA:109,1
DA:110,1
DA:111,1
DA:112,1
DA:113,1
DA:114,1
DA:115,1
DA:116,1
DA:117,1
DA:118,1
DA:119,1
DA:120,1
DA:121,1
DA:122,1
DA:123,1
DA:124,1
DA:125,1
DA:126,1
DA:127,1
DA:128,2
DA:129,2
DA:130,2
DA:131,2
DA:132,1
DA:133,1
DA:134,1
DA:135,1
DA:136,1
DA:137,1
DA:138,4
DA:139,1
DA:140,1
DA:141,1
DA:142,1
DA:143,1
DA:144,1
DA:145,1
DA:146,1
DA:147,1
DA:148,1
DA:149,1
DA:150,1
DA:151,1
DA:152,1
DA:153,1
DA:154,1
DA:155,1
DA:156,1
DA:157,1
DA:158,1
DA:159,1
DA:160,1
DA:161,1
DA:162,1
DA:163,1
DA:164,0
DA:165,0
DA:166,0
DA:167,0
DA:168,1
DA:169,1
DA:170,1
DA:171,1
DA:172,1
DA:173,1
DA:174,1
DA:175,1
DA:176,1
DA:177,1
DA:178,1
DA:179,1
DA:180,0
DA:181,0
DA:182,1
LF:182
LH:174
BRDA:8,0,0,3
BRDA:11,1,0,0
BRDA:21,2,0,2
BRDA:23,3,0,1
BRDA:24,4,0,2
BRDA:54,5,0,3
BRDA:62,6,0,4
BRDA:70,7,0,3
BRDA:85,8,0,1
BRDA:64,9,0,9
BRDA:65,10,0,1
BRDA:96,11,0,3
BRDA:97,12,0,1
BRDA:100,13,0,2
BRDA:102,14,0,1
BRDA:101,15,0,2
BRDA:127,16,0,2
BRDA:131,17,0,1
BRDA:129,18,0,7
BRDA:137,19,0,4
BRDA:138,20,0,1
BRDA:138,21,0,3
BRDA:158,22,0,1
BRDA:163,23,0,0
BRDA:173,24,0,1
BRDA:180,25,0,0
BRF:26
BRH:23
end_of_record
